[debug] ----------------------------------------------------------------------
[debug] Command:      C:\Program Files\nodejs\node.exe C:\Users\Harald\AppData\Roaming\npm\node_modules\firebase-tools\bin\firebase serve
[debug] CLI Version:  3.2.1
[debug] Platform:     win32
[debug] Node Version: v6.5.0
[debug] Time:         Wed Jan 04 2017 21:24:09 GMT+0100 (Romansk (normaltid))
[debug] ----------------------------------------------------------------------
[debug] 
[info] Starting Firebase development server...
[info] 
[info] Project Directory: C:\Users\Harald\Desktop\angularFireTutorials2
[info] Public Directory: public
[info] 
[info] Server listening at: http://localhost:5000
[debug] Error: EPERM: operation not permitted, rename 'C:\Users\Harald\.config\configstore\firebase-tools.json.3794397215' -> 'C:\Users\Harald\.config\configstore\firebase-tools.json'
    at Error (native)
    at Object.fs.renameSync (fs.js:809:18)
    at Function.writeFileSync [as sync] (C:\Users\Harald\AppData\Roaming\npm\node_modules\firebase-tools\node_modules\write-file-atomic\index.js:81:8)
    at Object.set (C:\Users\Harald\AppData\Roaming\npm\node_modules\firebase-tools\node_modules\configstore\index.js:62:21)
    at Object.Configstore.set (C:\Users\Harald\AppData\Roaming\npm\node_modules\firebase-tools\node_modules\configstore\index.js:93:11)
    at Request._callback (C:\Users\Harald\AppData\Roaming\npm\node_modules\firebase-tools\lib\fetchMOTD.js:51:19)
    at Request.self.callback (C:\Users\Harald\AppData\Roaming\npm\node_modules\firebase-tools\node_modules\request\request.js:186:22)
    at emitTwo (events.js:106:13)
    at Request.emit (events.js:191:7)
    at Request.<anonymous> (C:\Users\Harald\AppData\Roaming\npm\node_modules\firebase-tools\node_modules\request\request.js:1081:10)
[error] 
[error] Error: An unexpected error has occurred.
[debug] ----------------------------------------------------------------------
[debug] Command:      C:\Program Files\nodejs\node.exe C:\Users\Harald\AppData\Roaming\npm\node_modules\firebase-tools\bin\firebase serve
[debug] CLI Version:  3.2.1
[debug] Platform:     win32
[debug] Node Version: v6.5.0
[debug] Time:         Wed Jan 04 2017 21:24:51 GMT+0100 (Romansk (normaltid))
[debug] ----------------------------------------------------------------------
[debug] 
[info] Starting Firebase development server...
[info] 
[info] Project Directory: C:\Users\Harald\Desktop\angularFireTutorials2
[info] Public Directory: public
[info] 
[info] Server listening at: http://localhost:5000
[debug] Error: EPERM: operation not permitted, rename 'C:\Users\Harald\.config\configstore\firebase-tools.json.178593532' -> 'C:\Users\Harald\.config\configstore\firebase-tools.json'
    at Error (native)
    at Object.fs.renameSync (fs.js:809:18)
    at Function.writeFileSync [as sync] (C:\Users\Harald\AppData\Roaming\npm\node_modules\firebase-tools\node_modules\write-file-atomic\index.js:81:8)
    at Object.set (C:\Users\Harald\AppData\Roaming\npm\node_modules\firebase-tools\node_modules\configstore\index.js:62:21)
    at Object.Configstore.set (C:\Users\Harald\AppData\Roaming\npm\node_modules\firebase-tools\node_modules\configstore\index.js:93:11)
    at Request._callback (C:\Users\Harald\AppData\Roaming\npm\node_modules\firebase-tools\lib\fetchMOTD.js:51:19)
    at Request.self.callback (C:\Users\Harald\AppData\Roaming\npm\node_modules\firebase-tools\node_modules\request\request.js:186:22)
    at emitTwo (events.js:106:13)
    at Request.emit (events.js:191:7)
    at Request.<anonymous> (C:\Users\Harald\AppData\Roaming\npm\node_modules\firebase-tools\node_modules\request\request.js:1081:10)
[error] 
[error] Error: An unexpected error has occurred.
[debug] ----------------------------------------------------------------------
[debug] Command:      C:\Program Files\nodejs\node.exe C:\Users\Harald\AppData\Roaming\npm\node_modules\firebase-tools\bin\firebase serve
[debug] CLI Version:  3.2.1
[debug] Platform:     win32
[debug] Node Version: v6.5.0
[debug] Time:         Wed Jan 04 2017 21:25:32 GMT+0100 (Romansk (normaltid))
[debug] ----------------------------------------------------------------------
[debug] 
[info] Starting Firebase development server...
[info] 
[info] Project Directory: C:\Users\Harald\Desktop\angularFireTutorials2
[info] Public Directory: public
[info] 
[info] Server listening at: http://localhost:5000
